<?xml version="1.0" encoding="UTF-8"?>
<coverage generated="1618666504844" clover="3.2.0">
  <project timestamp="1618666504844" name="All files">
    <metrics statements="7" coveredstatements="6" conditionals="0" coveredconditionals="0" methods="3" coveredmethods="3" elements="10" coveredelements="9" complexity="0" loc="7" ncloc="7" packages="2" files="3" classes="3"/>
    <package name="src">
      <metrics statements="1" coveredstatements="0" conditionals="0" coveredconditionals="0" methods="0" coveredmethods="0"/>
      <file name="setupTest.js" path="C:\Users\Bruger\Documents\__PROGRAMMING_PROJECTS\__The Complete Junior to Senior Web Developer Roadmap (2021)\robofriends-pwa\src\setupTest.js">
        <metrics statements="1" coveredstatements="0" conditionals="0" coveredconditionals="0" methods="0" coveredmethods="0"/>
        <line num="4" count="0" type="stmt"/>
      </file>
    </package>
    <package name="src.components">
      <metrics statements="6" coveredstatements="6" conditionals="0" coveredconditionals="0" methods="3" coveredmethods="3"/>
      <file name="Card.js" path="C:\Users\Bruger\Documents\__PROGRAMMING_PROJECTS\__The Complete Junior to Senior Web Developer Roadmap (2021)\robofriends-pwa\src\components\Card.js">
        <metrics statements="2" coveredstatements="2" conditionals="0" coveredconditionals="0" methods="1" coveredmethods="1"/>
        <line num="3" count="2" type="stmt"/>
        <line num="4" count="1" type="stmt"/>
      </file>
      <file name="CardList.js" path="C:\Users\Bruger\Documents\__PROGRAMMING_PROJECTS\__The Complete Junior to Senior Web Developer Roadmap (2021)\robofriends-pwa\src\components\CardList.js">
        <metrics statements="4" coveredstatements="4" conditionals="0" coveredconditionals="0" methods="2" coveredmethods="2"/>
        <line num="4" count="1" type="stmt"/>
        <line num="5" count="1" type="stmt"/>
        <line num="6" count="1" type="stmt"/>
        <line num="10" count="1" type="stmt"/>
      </file>
    </package>
  </project>
</coverage>
