{"C:\\Users\\Bruger\\Documents\\__PROGRAMMING_PROJECTS\\__The Complete Junior to Senior Web Developer Roadmap (2021)\\robofriends-pwa\\src\\setupTest.js": {"path":"C:\\Users\\Bruger\\Documents\\__PROGRAMMING_PROJECTS\\__The Complete Junior to Senior Web Developer Roadmap (2021)\\robofriends-pwa\\src\\setupTest.js","statementMap":{"0":{"start":{"line":4,"column":0},"end":{"line":6,"column":3}}},"fnMap":{},"branchMap":{},"s":{"0":0},"f":{},"b":{}}
,"C:\\Users\\Bruger\\Documents\\__PROGRAMMING_PROJECTS\\__The Complete Junior to Senior Web Developer Roadmap (2021)\\robofriends-pwa\\src\\components\\Card.js": {"path":"C:\\Users\\Bruger\\Documents\\__PROGRAMMING_PROJECTS\\__The Complete Junior to Senior Web Developer Roadmap (2021)\\robofriends-pwa\\src\\components\\Card.js","statementMap":{"0":{"start":{"line":3,"column":13},"end":{"line":13,"column":1}},"1":{"start":{"line":4,"column":2},"end":{"line":12,"column":4}}},"fnMap":{"0":{"name":"(anonymous_0)","decl":{"start":{"line":3,"column":13},"end":{"line":3,"column":14}},"loc":{"start":{"line":3,"column":38},"end":{"line":13,"column":1}},"line":3}},"branchMap":{},"s":{"0":2,"1":1},"f":{"0":1},"b":{},"_coverageSchema":"1a1c01bbd47fc00a2c39e90264f33305004495a9","hash":"1095dee0313d254029f63563d25ca276015c2892"}
,"C:\\Users\\Bruger\\Documents\\__PROGRAMMING_PROJECTS\\__The Complete Junior to Senior Web Developer Roadmap (2021)\\robofriends-pwa\\src\\components\\CardList.js": {"path":"C:\\Users\\Bruger\\Documents\\__PROGRAMMING_PROJECTS\\__The Complete Junior to Senior Web Developer Roadmap (2021)\\robofriends-pwa\\src\\components\\CardList.js","statementMap":{"0":{"start":{"line":4,"column":17},"end":{"line":22,"column":1}},"1":{"start":{"line":5,"column":2},"end":{"line":5,"column":26}},"2":{"start":{"line":6,"column":2},"end":{"line":21,"column":4}},"3":{"start":{"line":10,"column":10},"end":{"line":17,"column":12}}},"fnMap":{"0":{"name":"(anonymous_0)","decl":{"start":{"line":4,"column":17},"end":{"line":4,"column":18}},"loc":{"start":{"line":4,"column":33},"end":{"line":22,"column":1}},"line":4},"1":{"name":"(anonymous_1)","decl":{"start":{"line":9,"column":19},"end":{"line":9,"column":20}},"loc":{"start":{"line":9,"column":32},"end":{"line":18,"column":9}},"line":9}},"branchMap":{},"s":{"0":1,"1":1,"2":1,"3":1},"f":{"0":1,"1":1},"b":{},"_coverageSchema":"1a1c01bbd47fc00a2c39e90264f33305004495a9","hash":"adcbb4955374aec5ff7ccde4601203b9cd622f91"}
}
